$ hadoop MaxTemperature file:///home/ec2-user/ncdc_data file:///home/ec2-user/output
16/10/11 12:00:23 INFO client.RMProxy: Connecting to ResourceManager at /0.0.0.0:8032
16/10/11 12:00:24 WARN mapreduce.JobResourceUploader: Hadoop command-line option parsing not performed. Implement the Tool interface and execute your application with ToolRunner to remedy this.
16/10/11 12:00:24 INFO input.FileInputFormat: Total input paths to process : 100
16/10/11 12:00:24 INFO mapreduce.JobSubmitter: number of splits:100
16/10/11 12:00:25 INFO mapreduce.JobSubmitter: Submitting tokens for job: job_1476166374694_0002
16/10/11 12:00:25 INFO impl.YarnClientImpl: Submitted application application_1476166374694_0002
16/10/11 12:00:25 INFO mapreduce.Job: The url to track the job: http://ip-10-0-1-201:8088/proxy/application_1476166374694_0002/
16/10/11 12:00:25 INFO mapreduce.Job: Running job: job_1476166374694_0002
16/10/11 12:00:32 INFO mapreduce.Job: Job job_1476166374694_0002 running in uber mode : false
16/10/11 12:00:32 INFO mapreduce.Job:  map 0% reduce 0%
16/10/11 12:01:24 INFO mapreduce.Job:  map 1% reduce 0%
16/10/11 12:02:39 INFO mapreduce.Job:  map 2% reduce 0%
16/10/11 12:03:45 INFO mapreduce.Job:  map 3% reduce 0%
16/10/11 12:04:52 INFO mapreduce.Job:  map 4% reduce 0%
16/10/11 12:05:37 INFO mapreduce.Job:  map 5% reduce 0%
16/10/11 12:06:22 INFO mapreduce.Job:  map 6% reduce 0%
16/10/11 12:07:19 INFO mapreduce.Job:  map 7% reduce 0%
16/10/11 12:08:22 INFO mapreduce.Job:  map 8% reduce 0%
16/10/11 12:09:21 INFO mapreduce.Job:  map 9% reduce 0%
16/10/11 12:10:19 INFO mapreduce.Job:  map 10% reduce 0%
16/10/11 12:10:59 INFO mapreduce.Job:  map 11% reduce 0%
16/10/11 12:11:37 INFO mapreduce.Job:  map 12% reduce 0%
16/10/11 12:12:30 INFO mapreduce.Job:  map 13% reduce 0%
16/10/11 12:13:28 INFO mapreduce.Job:  map 14% reduce 0%
16/10/11 12:14:19 INFO mapreduce.Job:  map 15% reduce 0%
16/10/11 12:15:10 INFO mapreduce.Job:  map 16% reduce 0%
16/10/11 12:15:44 INFO mapreduce.Job:  map 17% reduce 0%
16/10/11 12:16:13 INFO mapreduce.Job:  map 18% reduce 0%
16/10/11 12:16:57 INFO mapreduce.Job:  map 19% reduce 0%
16/10/11 12:17:15 INFO mapreduce.Job:  map 19% reduce 1%
16/10/11 12:17:33 INFO mapreduce.Job:  map 19% reduce 2%
16/10/11 12:17:48 INFO mapreduce.Job:  map 19% reduce 3%
16/10/11 12:18:00 INFO mapreduce.Job:  map 19% reduce 4%
16/10/11 12:18:09 INFO mapreduce.Job:  map 19% reduce 5%
16/10/11 12:18:15 INFO mapreduce.Job:  map 19% reduce 6%
16/10/11 12:18:44 INFO mapreduce.Job:  map 20% reduce 6%
16/10/11 12:19:29 INFO mapreduce.Job:  map 21% reduce 6%
16/10/11 12:20:10 INFO mapreduce.Job:  map 22% reduce 6%
16/10/11 12:20:31 INFO mapreduce.Job:  map 23% reduce 6%
16/10/11 12:20:38 INFO mapreduce.Job:  map 23% reduce 7%
16/10/11 12:20:47 INFO mapreduce.Job:  map 23% reduce 8%
16/10/11 12:21:30 INFO mapreduce.Job:  map 24% reduce 8%
16/10/11 12:22:33 INFO mapreduce.Job:  map 25% reduce 8%
16/10/11 12:23:21 INFO mapreduce.Job:  map 26% reduce 8%
16/10/11 12:24:07 INFO mapreduce.Job:  map 27% reduce 8%
16/10/11 12:24:31 INFO mapreduce.Job:  map 28% reduce 8%
16/10/11 12:24:44 INFO mapreduce.Job:  map 28% reduce 9%
16/10/11 12:25:08 INFO mapreduce.Job:  map 29% reduce 9%
16/10/11 12:25:34 INFO mapreduce.Job:  map 30% reduce 9%
16/10/11 12:25:58 INFO mapreduce.Job:  map 31% reduce 9%
16/10/11 12:26:19 INFO mapreduce.Job:  map 32% reduce 9%
16/10/11 12:26:29 INFO mapreduce.Job:  map 33% reduce 9%
16/10/11 12:26:31 INFO mapreduce.Job:  map 33% reduce 10%
16/10/11 12:26:37 INFO mapreduce.Job:  map 33% reduce 11%
16/10/11 12:26:56 INFO mapreduce.Job:  map 34% reduce 11%
16/10/11 12:27:23 INFO mapreduce.Job:  map 35% reduce 11%
16/10/11 12:27:45 INFO mapreduce.Job:  map 36% reduce 11%
16/10/11 12:28:05 INFO mapreduce.Job:  map 37% reduce 11%
16/10/11 12:28:12 INFO mapreduce.Job:  map 38% reduce 11%
16/10/11 12:28:16 INFO mapreduce.Job:  map 38% reduce 12%
16/10/11 12:28:19 INFO mapreduce.Job:  map 38% reduce 13%
16/10/11 12:28:36 INFO mapreduce.Job:  map 39% reduce 13%
16/10/11 12:29:00 INFO mapreduce.Job:  map 40% reduce 13%
16/10/11 12:29:18 INFO mapreduce.Job:  map 41% reduce 13%
16/10/11 12:29:35 INFO mapreduce.Job:  map 42% reduce 13%
16/10/11 12:29:44 INFO mapreduce.Job:  map 43% reduce 13%
16/10/11 12:29:49 INFO mapreduce.Job:  map 43% reduce 14%
16/10/11 12:30:04 INFO mapreduce.Job:  map 44% reduce 14%
16/10/11 12:30:22 INFO mapreduce.Job:  map 45% reduce 14%
16/10/11 12:30:38 INFO mapreduce.Job:  map 46% reduce 14%
16/10/11 12:30:53 INFO mapreduce.Job:  map 47% reduce 14%
16/10/11 12:31:00 INFO mapreduce.Job:  map 48% reduce 14%
16/10/11 12:31:01 INFO mapreduce.Job:  map 48% reduce 15%
16/10/11 12:31:07 INFO mapreduce.Job:  map 48% reduce 16%
16/10/11 12:31:20 INFO mapreduce.Job:  map 49% reduce 16%
16/10/11 12:31:30 INFO mapreduce.Job:  map 50% reduce 16%
16/10/11 12:31:43 INFO mapreduce.Job:  map 51% reduce 16%
16/10/11 12:31:54 INFO mapreduce.Job:  map 52% reduce 16%
16/10/11 12:32:01 INFO mapreduce.Job:  map 53% reduce 17%
16/10/11 12:32:11 INFO mapreduce.Job:  map 53% reduce 18%
16/10/11 12:32:15 INFO mapreduce.Job:  map 54% reduce 18%
16/10/11 12:32:24 INFO mapreduce.Job:  map 55% reduce 18%
16/10/11 12:32:29 INFO mapreduce.Job:  map 56% reduce 18%
16/10/11 12:32:34 INFO mapreduce.Job:  map 57% reduce 18%
16/10/11 12:32:39 INFO mapreduce.Job:  map 58% reduce 18%
16/10/11 12:32:41 INFO mapreduce.Job:  map 58% reduce 19%
16/10/11 12:32:48 INFO mapreduce.Job:  map 59% reduce 19%
16/10/11 12:32:52 INFO mapreduce.Job:  map 60% reduce 19%
16/10/11 12:32:53 INFO mapreduce.Job:  map 60% reduce 20%
16/10/11 12:32:54 INFO mapreduce.Job:  map 61% reduce 20%
16/10/11 12:32:55 INFO mapreduce.Job:  map 62% reduce 20%
16/10/11 12:32:59 INFO mapreduce.Job:  map 63% reduce 21%
16/10/11 12:33:03 INFO mapreduce.Job:  map 64% reduce 21%
16/10/11 12:33:09 INFO mapreduce.Job:  map 65% reduce 21%
16/10/11 12:33:10 INFO mapreduce.Job:  map 66% reduce 21%
16/10/11 12:33:11 INFO mapreduce.Job:  map 67% reduce 21%
16/10/11 12:33:14 INFO mapreduce.Job:  map 68% reduce 22%
16/10/11 12:33:17 INFO mapreduce.Job:  map 68% reduce 23%
16/10/11 12:33:19 INFO mapreduce.Job:  map 69% reduce 23%
16/10/11 12:33:21 INFO mapreduce.Job:  map 71% reduce 23%
16/10/11 12:33:22 INFO mapreduce.Job:  map 72% reduce 23%
16/10/11 12:33:23 INFO mapreduce.Job:  map 73% reduce 24%
16/10/11 12:33:28 INFO mapreduce.Job:  map 74% reduce 24%
16/10/11 12:33:31 INFO mapreduce.Job:  map 76% reduce 24%
16/10/11 12:33:32 INFO mapreduce.Job:  map 78% reduce 25%
16/10/11 12:33:35 INFO mapreduce.Job:  map 78% reduce 26%
16/10/11 12:33:37 INFO mapreduce.Job:  map 79% reduce 26%
16/10/11 12:33:39 INFO mapreduce.Job:  map 80% reduce 26%
16/10/11 12:33:41 INFO mapreduce.Job:  map 81% reduce 27%
16/10/11 12:33:42 INFO mapreduce.Job:  map 83% reduce 27%
16/10/11 12:33:44 INFO mapreduce.Job:  map 83% reduce 28%
16/10/11 12:33:46 INFO mapreduce.Job:  map 84% reduce 28%
16/10/11 12:33:50 INFO mapreduce.Job:  map 85% reduce 28%
16/10/11 12:33:51 INFO mapreduce.Job:  map 87% reduce 28%
16/10/11 12:33:52 INFO mapreduce.Job:  map 88% reduce 28%
16/10/11 12:33:53 INFO mapreduce.Job:  map 88% reduce 29%
16/10/11 12:33:55 INFO mapreduce.Job:  map 89% reduce 29%
16/10/11 12:33:58 INFO mapreduce.Job:  map 90% reduce 29%
16/10/11 12:33:59 INFO mapreduce.Job:  map 90% reduce 30%
16/10/11 12:34:00 INFO mapreduce.Job:  map 91% reduce 30%
16/10/11 12:34:02 INFO mapreduce.Job:  map 92% reduce 31%
16/10/11 12:34:03 INFO mapreduce.Job:  map 93% reduce 31%
16/10/11 12:34:05 INFO mapreduce.Job:  map 94% reduce 31%
16/10/11 12:34:08 INFO mapreduce.Job:  map 95% reduce 32%
16/10/11 12:34:10 INFO mapreduce.Job:  map 96% reduce 32%
16/10/11 12:34:12 INFO mapreduce.Job:  map 97% reduce 32%
16/10/11 12:34:13 INFO mapreduce.Job:  map 98% reduce 32%
16/10/11 12:34:14 INFO mapreduce.Job:  map 99% reduce 33%
16/10/11 12:34:15 INFO mapreduce.Job:  map 100% reduce 33%
16/10/11 12:36:29 INFO mapreduce.Job:  map 100% reduce 35%
16/10/11 12:36:32 INFO mapreduce.Job:  map 100% reduce 36%
16/10/11 12:36:35 INFO mapreduce.Job:  map 100% reduce 37%
16/10/11 12:36:38 INFO mapreduce.Job:  map 100% reduce 38%
16/10/11 12:36:41 INFO mapreduce.Job:  map 100% reduce 40%
16/10/11 12:36:44 INFO mapreduce.Job:  map 100% reduce 41%
16/10/11 12:36:47 INFO mapreduce.Job:  map 100% reduce 42%
16/10/11 12:36:50 INFO mapreduce.Job:  map 100% reduce 43%
16/10/11 12:36:53 INFO mapreduce.Job:  map 100% reduce 44%
16/10/11 12:36:56 INFO mapreduce.Job:  map 100% reduce 46%
16/10/11 12:36:59 INFO mapreduce.Job:  map 100% reduce 47%
16/10/11 12:37:02 INFO mapreduce.Job:  map 100% reduce 48%
16/10/11 12:37:05 INFO mapreduce.Job:  map 100% reduce 49%
16/10/11 12:37:08 INFO mapreduce.Job:  map 100% reduce 50%
16/10/11 12:37:17 INFO mapreduce.Job:  map 100% reduce 51%
16/10/11 12:37:20 INFO mapreduce.Job:  map 100% reduce 52%
16/10/11 12:37:23 INFO mapreduce.Job:  map 100% reduce 53%
16/10/11 12:37:26 INFO mapreduce.Job:  map 100% reduce 54%
16/10/11 12:37:29 INFO mapreduce.Job:  map 100% reduce 56%
16/10/11 12:37:32 INFO mapreduce.Job:  map 100% reduce 57%
16/10/11 12:37:35 INFO mapreduce.Job:  map 100% reduce 58%
16/10/11 12:37:38 INFO mapreduce.Job:  map 100% reduce 59%
16/10/11 12:37:41 INFO mapreduce.Job:  map 100% reduce 60%
16/10/11 12:37:44 INFO mapreduce.Job:  map 100% reduce 62%
16/10/11 12:37:53 INFO mapreduce.Job:  map 100% reduce 63%
16/10/11 12:37:56 INFO mapreduce.Job:  map 100% reduce 64%
16/10/11 12:37:59 INFO mapreduce.Job:  map 100% reduce 65%
16/10/11 12:38:02 INFO mapreduce.Job:  map 100% reduce 67%
16/10/11 12:38:17 INFO mapreduce.Job:  map 100% reduce 68%
16/10/11 12:38:35 INFO mapreduce.Job:  map 100% reduce 69%
16/10/11 12:38:50 INFO mapreduce.Job:  map 100% reduce 70%
16/10/11 12:39:05 INFO mapreduce.Job:  map 100% reduce 71%
16/10/11 12:39:23 INFO mapreduce.Job:  map 100% reduce 72%
16/10/11 12:39:38 INFO mapreduce.Job:  map 100% reduce 73%
16/10/11 12:39:56 INFO mapreduce.Job:  map 100% reduce 74%
16/10/11 12:40:11 INFO mapreduce.Job:  map 100% reduce 75%
16/10/11 12:40:29 INFO mapreduce.Job:  map 100% reduce 76%
16/10/11 12:40:44 INFO mapreduce.Job:  map 100% reduce 77%
16/10/11 12:40:59 INFO mapreduce.Job:  map 100% reduce 78%
16/10/11 12:41:17 INFO mapreduce.Job:  map 100% reduce 79%
16/10/11 12:41:33 INFO mapreduce.Job:  map 100% reduce 80%
16/10/11 12:41:51 INFO mapreduce.Job:  map 100% reduce 81%
16/10/11 12:42:06 INFO mapreduce.Job:  map 100% reduce 82%
16/10/11 12:42:24 INFO mapreduce.Job:  map 100% reduce 83%
16/10/11 12:42:39 INFO mapreduce.Job:  map 100% reduce 84%
16/10/11 12:42:57 INFO mapreduce.Job:  map 100% reduce 85%
16/10/11 12:43:12 INFO mapreduce.Job:  map 100% reduce 86%
16/10/11 12:43:30 INFO mapreduce.Job:  map 100% reduce 87%
16/10/11 12:43:45 INFO mapreduce.Job:  map 100% reduce 88%
16/10/11 12:44:03 INFO mapreduce.Job:  map 100% reduce 89%
16/10/11 12:44:18 INFO mapreduce.Job:  map 100% reduce 90%
16/10/11 12:44:36 INFO mapreduce.Job:  map 100% reduce 91%
16/10/11 12:44:51 INFO mapreduce.Job:  map 100% reduce 92%
16/10/11 12:45:09 INFO mapreduce.Job:  map 100% reduce 93%
16/10/11 12:45:24 INFO mapreduce.Job:  map 100% reduce 94%
16/10/11 12:45:42 INFO mapreduce.Job:  map 100% reduce 95%
16/10/11 12:45:57 INFO mapreduce.Job:  map 100% reduce 96%
16/10/11 12:46:15 INFO mapreduce.Job:  map 100% reduce 97%
16/10/11 12:46:31 INFO mapreduce.Job:  map 100% reduce 98%
16/10/11 12:46:49 INFO mapreduce.Job:  map 100% reduce 99%
16/10/11 12:47:04 INFO mapreduce.Job:  map 100% reduce 100%
16/10/11 12:47:09 INFO mapreduce.Job: Job job_1476166374694_0002 completed successfully
16/10/11 12:47:09 INFO mapreduce.Job: Counters: 50
	File System Counters
		FILE: Number of bytes read=74119332001
		FILE: Number of bytes written=50880402086
		FILE: Number of read operations=0
		FILE: Number of large read operations=0
		FILE: Number of write operations=0
		HDFS: Number of bytes read=10200
		HDFS: Number of bytes written=0
		HDFS: Number of read operations=100
		HDFS: Number of large read operations=0
		HDFS: Number of write operations=0
	Job Counters
		Killed map tasks=1
		Launched map tasks=100
		Launched reduce tasks=1
		Rack-local map tasks=100
		Total time spent by all maps in occupied slots (ms)=10897658
		Total time spent by all reduces in occupied slots (ms)=1808246
		Total time spent by all map tasks (ms)=10897658
		Total time spent by all reduce tasks (ms)=1808246
		Total vcore-milliseconds taken by all map tasks=10897658
		Total vcore-milliseconds taken by all reduce tasks=1808246
		Total megabyte-milliseconds taken by all map tasks=11159201792
		Total megabyte-milliseconds taken by all reduce tasks=1851643904
	Map-Reduce Framework
		Map input records=1293357716
		Map output records=1182732762
		Map output bytes=10644594858
		Map output materialized bytes=13010060982
		Input split bytes=10200
		Combine input records=0
		Combine output records=0
		Reduce input groups=100
		Reduce shuffle bytes=13010060982
		Reduce input records=1182732762
		Reduce output records=100
		Spilled Records=4624404467
		Shuffled Maps =100
		Failed Shuffles=0
		Merged Map outputs=100
		GC time elapsed (ms)=208835
		CPU time spent (ms)=7734300
		Physical memory (bytes) snapshot=28060827648
		Virtual memory (bytes) snapshot=213930344448
		Total committed heap usage (bytes)=20568342528
	Shuffle Errors
		BAD_ID=0
		CONNECTION=0
		IO_ERROR=0
		WRONG_LENGTH=0
		WRONG_MAP=0
		WRONG_REDUCE=0
	File Input Format Counters
		Bytes Read=36260940552
	File Output Format Counters
		Bytes Written=916
