20161008_063023
1901	317	20161008_063023-20161008_063023
1902	244	20161008_063023-20161008_063023
1903	289	20161008_063023-20161008_063023
1904	256	20161008_063023-20161008_063023
1905	283	20161008_063023-20161008_063023
1906	294	20161008_063023-20161008_063023
1907	283	20161008_063023-20161008_063023
1908	289	20161008_063023-20161008_063023
1909	278	20161008_063023-20161008_063023
1910	294	20161008_063023-20161008_063023
1911	306	20161008_063023-20161008_063023
1912	322	20161008_063023-20161008_063023
1913	300	20161008_063023-20161008_063023
1914	333	20161008_063023-20161008_063023
1915	294	20161008_063023-20161008_063023
1916	278	20161008_063023-20161008_063023
1917	317	20161008_063023-20161008_063024
1918	322	20161008_063024-20161008_063024
1919	378	20161008_063024-20161008_063024
1920	294	20161008_063024-20161008_063024
1921	283	20161008_063024-20161008_063024
1922	278	20161008_063024-20161008_063024
1923	294	20161008_063024-20161008_063024
1924	294	20161008_063024-20161008_063024
1925	317	20161008_063024-20161008_063024
1926	489	20161008_063024-20161008_063024
1927	489	20161008_063024-20161008_063024
1928	378	20161008_063024-20161008_063024
1929	328	20161008_063024-20161008_063024
1930	400	20161008_063024-20161008_063025
1931	461	20161008_063025-20161008_063026
1932	489	20161008_063026-20161008_063028
1933	489	20161008_063028-20161008_063030
1934	478	20161008_063030-20161008_063033
1935	478	20161008_063033-20161008_063036
1936	550	20161008_063036-20161008_063040
1937	489	20161008_063040-20161008_063045
1938	489	20161008_063045-20161008_063049
1939	489	20161008_063049-20161008_063053
1940	489	20161008_063053-20161008_063058
1941	462	20161008_063058-20161008_063105
1942	479	20161008_063105-20161008_063115
1943	485	20161008_063115-20161008_063136
1944	507	20161008_063136-20161008_063203
1945	496	20161008_063203-20161008_063237
1946	494	20161008_063237-20161008_063257
1947	490	20161008_063257-20161008_063319
1948	601	20161008_063319-20161008_063405
1949	511	20161008_063405-20161008_063509
1950	494	20161008_063509-20161008_063621
1951	511	20161008_063621-20161008_063738
1952	544	20161008_063738-20161008_063907
1953	506	20161008_063907-20161008_064034
1954	506	20161008_064034-20161008_064208
1955	500	20161008_064208-20161008_064333
1956	511	20161008_064333-20161008_064455
1957	489	20161008_064455-20161008_064639
1958	489	20161008_064639-20161008_064811
1959	500	20161008_064811-20161008_064943
1960	490	20161008_064943-20161008_065115
1961	600	20161008_065115-20161008_065253
1962	489	20161008_065253-20161008_065428
1963	489	20161008_065428-20161008_065559
1964	489	20161008_065559-20161008_065725
1965	489	20161008_065725-20161008_065820
1966	506	20161008_065820-20161008_065919
1967	489	20161008_065919-20161008_070012
1968	489	20161008_070012-20161008_070102
1969	474	20161008_070102-20161008_070205
1970	489	20161008_070205-20161008_070304
1971	478	20161008_070304-20161008_070344
1972	483	20161008_070344-20161008_070408
1973	580	20161008_070408-20161008_070705
1974	560	20161008_070705-20161008_071008
1975	561	20161008_071008-20161008_071319
1976	570	20161008_071319-20161008_071632
1977	580	20161008_071632-20161008_072014
1978	550	20161008_072014-20161008_072350
1979	600	20161008_072350-20161008_072708
1980	600	20161008_072708-20161008_073026
1981	580	20161008_073026-20161008_073356
1982	617	20161008_073356-20161008_073720
1983	616	20161008_073720-20161008_074053
1984	617	20161008_074053-20161008_074430
1985	611	20161008_074430-20161008_074804
1986	607	20161008_074804-20161008_075148
1987	607	20161008_075148-20161008_075542
1988	607	20161008_075542-20161008_075943
1989	606	20161008_075943-20161008_080347
1990	607	20161008_080347-20161008_080800
1991	607	20161008_080800-20161008_081236
1992	605	20161008_081236-20161008_081712
1993	567	20161008_081712-20161008_082141
1994	568	20161008_082141-20161008_082631
1995	567	20161008_082631-20161008_083105
1996	561	20161008_083105-20161008_083552
1997	565	20161008_083552-20161008_084100
1998	568	20161008_084100-20161008_084613
1999	568	20161008_084613-20161008_085211
2000	568	20161008_085211-20161008_085911
20161008_085911
