16/10/17 03:37:02 INFO client.RMProxy: Connecting to ResourceManager at /0.0.0.0:8032
16/10/17 03:37:03 WARN mapreduce.JobResourceUploader: Hadoop command-line option parsing not performed. Implement the Tool interface and execute your application with ToolRunner to remedy this.
16/10/17 03:37:04 INFO input.FileInputFormat: Total input paths to process : 100
16/10/17 03:37:04 INFO mapreduce.JobSubmitter: number of splits:100
16/10/17 03:37:04 INFO mapreduce.JobSubmitter: Submitting tokens for job: job_1476675208041_0001
16/10/17 03:37:05 INFO impl.YarnClientImpl: Submitted application application_1476675208041_0001
16/10/17 03:37:05 INFO mapreduce.Job: The url to track the job: http://ip-10-0-1-201:8088/proxy/application_1476675208041_0001/
16/10/17 03:37:05 INFO mapreduce.Job: Running job: job_1476675208041_0001
16/10/17 03:37:12 INFO mapreduce.Job: Job job_1476675208041_0001 running in uber mode : false
16/10/17 03:37:12 INFO mapreduce.Job:  map 0% reduce 0%
16/10/17 03:38:02 INFO mapreduce.Job:  map 1% reduce 0%
16/10/17 03:39:16 INFO mapreduce.Job:  map 2% reduce 0%
16/10/17 03:40:19 INFO mapreduce.Job:  map 3% reduce 0%
16/10/17 03:41:24 INFO mapreduce.Job:  map 4% reduce 0%
16/10/17 03:41:42 INFO mapreduce.Job:  map 5% reduce 0%
16/10/17 03:42:18 INFO mapreduce.Job:  map 6% reduce 0%
16/10/17 03:43:05 INFO mapreduce.Job:  map 7% reduce 0%
16/10/17 03:43:47 INFO mapreduce.Job:  map 8% reduce 0%
16/10/17 03:44:44 INFO mapreduce.Job:  map 9% reduce 0%
16/10/17 03:45:41 INFO mapreduce.Job:  map 10% reduce 0%
16/10/17 03:45:53 INFO mapreduce.Job:  map 11% reduce 0%
16/10/17 03:46:15 INFO mapreduce.Job:  map 12% reduce 0%
16/10/17 03:47:07 INFO mapreduce.Job:  map 13% reduce 0%
16/10/17 03:47:44 INFO mapreduce.Job:  map 14% reduce 0%
16/10/17 03:48:35 INFO mapreduce.Job:  map 15% reduce 0%
16/10/17 03:49:23 INFO mapreduce.Job:  map 16% reduce 0%
16/10/17 03:49:36 INFO mapreduce.Job:  map 17% reduce 0%
16/10/17 03:49:46 INFO mapreduce.Job:  map 18% reduce 0%
16/10/17 03:50:33 INFO mapreduce.Job:  map 19% reduce 0%
16/10/17 03:50:46 INFO mapreduce.Job:  map 19% reduce 6%
16/10/17 03:51:12 INFO mapreduce.Job:  map 20% reduce 6%
16/10/17 03:51:53 INFO mapreduce.Job:  map 21% reduce 6%
16/10/17 03:52:26 INFO mapreduce.Job:  map 22% reduce 6%
16/10/17 03:52:28 INFO mapreduce.Job:  map 23% reduce 7%
16/10/17 03:52:31 INFO mapreduce.Job:  map 23% reduce 8%
16/10/17 03:53:02 INFO mapreduce.Job:  map 24% reduce 8%
16/10/17 03:53:52 INFO mapreduce.Job:  map 25% reduce 8%
16/10/17 03:54:30 INFO mapreduce.Job:  map 26% reduce 8%
16/10/17 03:54:57 INFO mapreduce.Job:  map 27% reduce 8%
16/10/17 03:55:06 INFO mapreduce.Job:  map 28% reduce 8%
16/10/17 03:55:08 INFO mapreduce.Job:  map 28% reduce 9%
16/10/17 03:55:22 INFO mapreduce.Job:  map 29% reduce 9%
16/10/17 03:55:43 INFO mapreduce.Job:  map 30% reduce 9%
16/10/17 03:56:02 INFO mapreduce.Job:  map 31% reduce 9%
16/10/17 03:56:14 INFO mapreduce.Job:  map 32% reduce 9%
16/10/17 03:56:15 INFO mapreduce.Job:  map 32% reduce 10%
16/10/17 03:56:17 INFO mapreduce.Job:  map 33% reduce 10%
16/10/17 03:56:21 INFO mapreduce.Job:  map 33% reduce 11%
16/10/17 03:56:34 INFO mapreduce.Job:  map 34% reduce 11%
16/10/17 03:56:54 INFO mapreduce.Job:  map 35% reduce 11%
16/10/17 03:57:12 INFO mapreduce.Job:  map 36% reduce 11%
16/10/17 03:57:23 INFO mapreduce.Job:  map 37% reduce 11%
16/10/17 03:57:25 INFO mapreduce.Job:  map 38% reduce 11%
16/10/17 03:57:27 INFO mapreduce.Job:  map 38% reduce 12%
16/10/17 03:57:30 INFO mapreduce.Job:  map 38% reduce 13%
16/10/17 03:57:42 INFO mapreduce.Job:  map 39% reduce 13%
16/10/17 03:58:00 INFO mapreduce.Job:  map 40% reduce 13%
16/10/17 03:58:15 INFO mapreduce.Job:  map 41% reduce 13%
16/10/17 03:58:23 INFO mapreduce.Job:  map 42% reduce 13%
16/10/17 03:58:28 INFO mapreduce.Job:  map 43% reduce 13%
16/10/17 03:58:30 INFO mapreduce.Job:  map 43% reduce 14%
16/10/17 03:58:43 INFO mapreduce.Job:  map 44% reduce 14%
16/10/17 03:58:56 INFO mapreduce.Job:  map 45% reduce 14%
16/10/17 03:59:08 INFO mapreduce.Job:  map 46% reduce 14%
16/10/17 03:59:15 INFO mapreduce.Job:  map 47% reduce 14%
16/10/17 03:59:18 INFO mapreduce.Job:  map 48% reduce 15%
16/10/17 03:59:21 INFO mapreduce.Job:  map 48% reduce 16%
16/10/17 03:59:32 INFO mapreduce.Job:  map 49% reduce 16%
16/10/17 03:59:43 INFO mapreduce.Job:  map 50% reduce 16%
16/10/17 03:59:53 INFO mapreduce.Job:  map 51% reduce 16%
16/10/17 03:59:57 INFO mapreduce.Job:  map 52% reduce 16%
16/10/17 03:59:58 INFO mapreduce.Job:  map 52% reduce 17%
16/10/17 04:00:01 INFO mapreduce.Job:  map 53% reduce 17%
16/10/17 04:00:04 INFO mapreduce.Job:  map 53% reduce 18%
16/10/17 04:00:14 INFO mapreduce.Job:  map 54% reduce 18%
16/10/17 04:00:17 INFO mapreduce.Job:  map 55% reduce 18%
16/10/17 04:00:21 INFO mapreduce.Job:  map 56% reduce 18%
16/10/17 04:00:26 INFO mapreduce.Job:  map 57% reduce 18%
16/10/17 04:00:27 INFO mapreduce.Job:  map 58% reduce 18%
16/10/17 04:00:28 INFO mapreduce.Job:  map 58% reduce 19%
16/10/17 04:00:38 INFO mapreduce.Job:  map 59% reduce 19%
16/10/17 04:00:39 INFO mapreduce.Job:  map 60% reduce 19%
16/10/17 04:00:40 INFO mapreduce.Job:  map 61% reduce 20%
16/10/17 04:00:41 INFO mapreduce.Job:  map 63% reduce 20%
16/10/17 04:00:43 INFO mapreduce.Job:  map 63% reduce 21%
16/10/17 04:00:52 INFO mapreduce.Job:  map 64% reduce 21%
16/10/17 04:00:53 INFO mapreduce.Job:  map 67% reduce 21%
16/10/17 04:00:54 INFO mapreduce.Job:  map 68% reduce 21%
16/10/17 04:00:55 INFO mapreduce.Job:  map 68% reduce 23%
16/10/17 04:01:02 INFO mapreduce.Job:  map 69% reduce 23%
16/10/17 04:01:03 INFO mapreduce.Job:  map 72% reduce 23%
16/10/17 04:01:04 INFO mapreduce.Job:  map 73% reduce 24%
16/10/17 04:01:11 INFO mapreduce.Job:  map 74% reduce 24%
16/10/17 04:01:12 INFO mapreduce.Job:  map 78% reduce 24%
16/10/17 04:01:13 INFO mapreduce.Job:  map 78% reduce 26%
16/10/17 04:01:19 INFO mapreduce.Job:  map 79% reduce 26%
16/10/17 04:01:20 INFO mapreduce.Job:  map 81% reduce 26%
16/10/17 04:01:21 INFO mapreduce.Job:  map 82% reduce 26%
16/10/17 04:01:22 INFO mapreduce.Job:  map 83% reduce 27%
16/10/17 04:01:25 INFO mapreduce.Job:  map 83% reduce 28%
16/10/17 04:01:26 INFO mapreduce.Job:  map 84% reduce 28%
16/10/17 04:01:27 INFO mapreduce.Job:  map 85% reduce 28%
16/10/17 04:01:28 INFO mapreduce.Job:  map 86% reduce 28%
16/10/17 04:01:29 INFO mapreduce.Job:  map 87% reduce 28%
16/10/17 04:01:31 INFO mapreduce.Job:  map 88% reduce 29%
16/10/17 04:01:33 INFO mapreduce.Job:  map 89% reduce 29%
16/10/17 04:01:34 INFO mapreduce.Job:  map 89% reduce 30%
16/10/17 04:01:35 INFO mapreduce.Job:  map 90% reduce 30%
16/10/17 04:01:37 INFO mapreduce.Job:  map 92% reduce 30%
16/10/17 04:01:39 INFO mapreduce.Job:  map 93% reduce 30%
16/10/17 04:01:40 INFO mapreduce.Job:  map 93% reduce 31%
16/10/17 04:01:41 INFO mapreduce.Job:  map 94% reduce 31%
16/10/17 04:01:44 INFO mapreduce.Job:  map 95% reduce 31%
16/10/17 04:01:45 INFO mapreduce.Job:  map 96% reduce 31%
16/10/17 04:01:46 INFO mapreduce.Job:  map 97% reduce 32%
16/10/17 04:01:47 INFO mapreduce.Job:  map 98% reduce 32%
16/10/17 04:01:48 INFO mapreduce.Job:  map 99% reduce 32%
16/10/17 04:01:49 INFO mapreduce.Job:  map 100% reduce 100%
16/10/17 04:01:50 INFO mapreduce.Job: Job job_1476675208041_0001 completed successfully
16/10/17 04:01:50 INFO mapreduce.Job: Counters: 50
	File System Counters
		FILE: Number of bytes read=36260948495
		FILE: Number of bytes written=11978644
		FILE: Number of read operations=0
		FILE: Number of large read operations=0
		FILE: Number of write operations=0
		HDFS: Number of bytes read=10200
		HDFS: Number of bytes written=0
		HDFS: Number of read operations=100
		HDFS: Number of large read operations=0
		HDFS: Number of write operations=0
	Job Counters 
		Killed map tasks=1
		Launched map tasks=100
		Launched reduce tasks=1
		Rack-local map tasks=100
		Total time spent by all maps in occupied slots (ms)=8010728
		Total time spent by all reduces in occupied slots (ms)=675179
		Total time spent by all map tasks (ms)=8010728
		Total time spent by all reduce tasks (ms)=675179
		Total vcore-milliseconds taken by all map tasks=8010728
		Total vcore-milliseconds taken by all reduce tasks=675179
		Total megabyte-milliseconds taken by all map tasks=8202985472
		Total megabyte-milliseconds taken by all reduce tasks=691383296
	Map-Reduce Framework
		Map input records=1293357716
		Map output records=1182732762
		Map output bytes=10644594858
		Map output materialized bytes=1755
		Input split bytes=10200
		Combine input records=1182733124
		Combine output records=467
		Reduce input groups=100
		Reduce shuffle bytes=1755
		Reduce input records=105
		Reduce output records=100
		Spilled Records=616
		Shuffled Maps =100
		Failed Shuffles=0
		Merged Map outputs=100
		GC time elapsed (ms)=189706
		CPU time spent (ms)=5249160
		Physical memory (bytes) snapshot=27891961856
		Virtual memory (bytes) snapshot=213886201856
		Total committed heap usage (bytes)=20739260416
	Shuffle Errors
		BAD_ID=0
		CONNECTION=0
		IO_ERROR=0
		WRONG_LENGTH=0
		WRONG_MAP=0
		WRONG_REDUCE=0
	File Input Format Counters 
		Bytes Read=36260940552
	File Output Format Counters 
		Bytes Written=916
